<?xml version="1.0" encoding="utf-8"?><testsuite errors="4" failures="0" name="pytest" skipped="0" tests="4" time="0.197"><testcase classname="" file="tests/test_api.py" name="tests.test_api" time="0.000"><error message="collection failure">ImportError while importing test module &apos;/Users/juergen/Documents/Projects/GitHub/openorders-py/master/tests/test_api.py&apos;.
Hint: make sure your test modules/packages have valid Python names.
Traceback:
tests/test_api.py:11: in &lt;module&gt;
    from jmopenorders.api.hello import hello  # tests __all__
E   ImportError: No module named jmopenorders.api.hello</error></testcase><testcase classname="" file="tests/test_cli.py" name="tests.test_cli" time="0.000"><error message="collection failure">ImportError while importing test module &apos;/Users/juergen/Documents/Projects/GitHub/openorders-py/master/tests/test_cli.py&apos;.
Hint: make sure your test modules/packages have valid Python names.
Traceback:
tests/test_cli.py:15: in &lt;module&gt;
    from jmopenorders.cli import main
E   ImportError: No module named jmopenorders.cli</error></testcase><testcase classname="" file="tests/core/test_config.py" name="tests.core.test_config" time="0.000"><error message="collection failure">ImportError while importing test module &apos;/Users/juergen/Documents/Projects/GitHub/openorders-py/master/tests/core/test_config.py&apos;.
Hint: make sure your test modules/packages have valid Python names.
Traceback:
tests/core/test_config.py:14: in &lt;module&gt;
    from jmopenorders.core.config import YamlConfig
E   ImportError: No module named jmopenorders.core.config</error></testcase><testcase classname="" file="tests/core/test_logger.py" name="tests.core.test_logger" time="0.000"><error message="collection failure">ImportError while importing test module &apos;/Users/juergen/Documents/Projects/GitHub/openorders-py/master/tests/core/test_logger.py&apos;.
Hint: make sure your test modules/packages have valid Python names.
Traceback:
tests/core/test_logger.py:15: in &lt;module&gt;
    from jmopenorders.core.logger import Logger
E   ImportError: No module named jmopenorders.core.logger</error></testcase></testsuite>